
/home/runner/work/exp-multiple-mass-in-single-plane-nitk/exp-multiple-mass-in-single-plane-nitk/experiment/simulation/js/MOMscript.js
   22:10  warning  'point' is defined but never used            no-unused-vars
   30:10  warning  'pointtrans' is defined but never used       no-unused-vars
   38:10  warning  'pointdisp' is defined but never used        no-unused-vars
   88:10  warning  'pointdist' is defined but never used        no-unused-vars
   94:10  warning  'pointjoin' is defined but never used        no-unused-vars
  109:10  warning  'pointtrace' is defined but never used       no-unused-vars
  127:10  warning  'deg' is defined but never used              no-unused-vars
  137:10  warning  'drawrect' is defined but never used         no-unused-vars
  157:10  warning  'drawArrow' is defined but never used        no-unused-vars
  173:10  warning  'signof' is defined but never used           no-unused-vars
  178:10  warning  'storeCoordinate' is defined but never used  no-unused-vars
  185:10  warning  'roundd' is defined but never used           no-unused-vars
  191:10  warning  'plotgraph' is defined but never used        no-unused-vars
  201:1   warning  'i' is not defined                           no-undef
  203:7   warning  'i' is not defined                           no-undef
  205:20  warning  'i' is not defined                           no-undef
  205:27  warning  'i' is not defined                           no-undef
  206:2   warning  'i' is not defined                           no-undef
  207:6   warning  'i' is not defined                           no-undef
  210:3   warning  'i' is not defined                           no-undef
  210:5   warning  'i' is not defined                           no-undef
  218:10  warning  'pointArc' is defined but never used         no-unused-vars
  236:10  warning  'drawAnchor' is defined but never used       no-unused-vars
  237:5   warning  'ctx' is not defined                         no-undef
  238:5   warning  'ctx' is not defined                         no-undef
  238:37  warning  'PI2' is not defined                         no-undef
  239:5   warning  'ctx' is not defined                         no-undef
  240:5   warning  'ctx' is not defined                         no-undef
  241:5   warning  'ctx' is not defined                         no-undef
  244:10  warning  'drawAngleSymbol' is defined but never used  no-unused-vars
  254:7   warning  'a' is already defined                       no-redeclare
  258:5   warning  'ctx' is not defined                         no-undef
  259:5   warning  'ctx' is not defined                         no-undef
  260:5   warning  'ctx' is not defined                         no-undef
  261:5   warning  'ctx' is not defined                         no-undef
  262:5   warning  'ctx' is not defined                         no-undef
  263:5   warning  'ctx' is not defined                         no-undef
  264:5   warning  'ctx' is not defined                         no-undef
  266:5   warning  'ctx' is not defined                         no-undef
  267:5   warning  'ctx' is not defined                         no-undef
  268:5   warning  'ctx' is not defined                         no-undef
  269:2   warning  'ctx' is not defined                         no-undef
  270:5   warning  'ctx' is not defined                         no-undef
  271:2   warning  'ctx' is not defined                         no-undef

/home/runner/work/exp-multiple-mass-in-single-plane-nitk/exp-multiple-mass-in-single-plane-nitk/experiment/simulation/js/dpi.js
  36:10  error  Parsing error: Identifier 'fix_dpi' has already been declared

/home/runner/work/exp-multiple-mass-in-single-plane-nitk/exp-multiple-mass-in-single-plane-nitk/experiment/simulation/js/jquery-3.6.0.js
     17:44  warning  'module' is not defined                                                    no-undef
     25:5   warning  'module' is not defined                                                    no-undef
    142:13  warning  'Symbol' is already defined as a built-in global variable                  no-redeclare
    717:22  warning  Unexpected control character(s) in regular expression: \x1f, \x1f          no-control-regex
    779:50  warning  Empty block statement                                                      no-empty
   2185:38  warning  Do not access Object.prototype method 'hasOwnProperty' from target object  no-prototype-builtins
   3205:16  warning  Unnecessary escape character: \/                                           no-useless-escape
   3507:52  warning  Empty block statement                                                      no-empty
   4584:21  warning  Empty block statement                                                      no-empty
   5051:28  warning  Unnecessary escape character: \/                                           no-useless-escape
   5268:19  warning  Empty block statement                                                      no-empty
   6564:25  warning  Empty block statement                                                      no-empty
   9171:17  warning  Empty block statement                                                      no-empty
   9819:28  warning  'urlAnchor.href' is assigned to itself                                     no-self-assign
  10269:17  warning  Empty block statement                                                      no-empty
  11162:39  warning  'define' is not defined                                                    no-undef
  11163:5   warning  'define' is not defined                                                    no-undef

/home/runner/work/exp-multiple-mass-in-single-plane-nitk/exp-multiple-mass-in-single-plane-nitk/experiment/simulation/js/jquery-ui.js
      9:39  warning  'define' is not defined                                      no-undef
     11:5   warning  'define' is not defined                                      no-undef
     14:13  warning  'jQuery' is not defined                                      no-undef
     21:7   warning  'version' is assigned a value but never used                 no-unused-vars
    797:7   warning  'widget' is assigned a value but never used                  no-unused-vars
    822:19  warning  Unnecessary escape character: \+                             no-useless-escape
    822:21  warning  Unnecessary escape character: \-                             no-useless-escape
   1365:7   warning  'position' is assigned a value but never used                no-unused-vars
   1381:7   warning  'data' is assigned a value but never used                    no-unused-vars
   1410:7   warning  'disableSelection' is assigned a value but never used        no-unused-vars
   1452:23  warning  Unnecessary escape character: \-                             no-useless-escape
   1462:39  warning  Unnecessary escape character: \%                             no-useless-escape
   1462:63  warning  Unnecessary escape character: \%                             no-useless-escape
   1462:87  warning  Unnecessary escape character: \%                             no-useless-escape
   1499:61  warning  Unnecessary escape character: \%                             no-useless-escape
   1499:85  warning  Unnecessary escape character: \%                             no-useless-escape
   2078:29  warning  Empty block statement                                        no-empty
   3120:63  warning  Empty block statement                                        no-empty
   3156:7   warning  'effectsEffectBlind' is assigned a value but never used      no-unused-vars
   3217:7   warning  'effectsEffectBounce' is assigned a value but never used     no-unused-vars
   3309:7   warning  'effectsEffectClip' is assigned a value but never used       no-unused-vars
   3360:7   warning  'effectsEffectDrop' is assigned a value but never used       no-unused-vars
   3418:7   warning  'effectsEffectExplode' is assigned a value but never used    no-unused-vars
   3523:7   warning  'effectsEffectFade' is assigned a value but never used       no-unused-vars
   3560:7   warning  'effectsEffectFold' is assigned a value but never used       no-unused-vars
   3639:7   warning  'effectsEffectHighlight' is assigned a value but never used  no-unused-vars
   3683:7   warning  'effectsEffectSize' is assigned a value but never used       no-unused-vars
   3884:7   warning  'effectsEffectScale' is assigned a value but never used      no-unused-vars
   3929:7   warning  'effectsEffectPuff' is assigned a value but never used       no-unused-vars
   3957:7   warning  'effectsEffectPulsate' is assigned a value but never used    no-unused-vars
   4007:7   warning  'effectsEffectShake' is assigned a value but never used      no-unused-vars
   4062:7   warning  'effectsEffectSlide' is assigned a value but never used      no-unused-vars
   4127:7   warning  'effect' is already defined                                  no-redeclare
   4133:7   warning  'effectsEffectTransfer' is assigned a value but never used   no-unused-vars
   4209:7   warning  'focusable' is assigned a value but never used               no-unused-vars
   4214:7   warning  'form' is assigned a value but never used                    no-unused-vars
   4234:7   warning  'formResetMixin' is assigned a value but never used          no-unused-vars
   4311:22  warning  Unexpected control character(s) in regular expression: \x1f  no-control-regex
   4369:7   warning  'keycode' is assigned a value but never used                 no-unused-vars
   4402:7   warning  'labels' is assigned a value but never used                  no-unused-vars
   4455:7   warning  'scrollParent' is assigned a value but never used            no-unused-vars
   4492:7   warning  'tabbable' is assigned a value but never used                no-unused-vars
   4516:7   warning  'uniqueId' is assigned a value but never used                no-unused-vars
   4558:7   warning  'widgetsAccordion' is assigned a value but never used        no-unused-vars
   5187:7   warning  'safeActiveElement' is assigned a value but never used       no-unused-vars
   5233:7   warning  'widgetsMenu' is assigned a value but never used             no-unused-vars
   5939:13  warning  Unnecessary escape character: \-                             no-useless-escape
   5939:15  warning  Unnecessary escape character: \[                             no-useless-escape
   5939:30  warning  Unnecessary escape character: \^                             no-useless-escape
   6581:30  warning  Unnecessary escape character: \-                             no-useless-escape
   6581:32  warning  Unnecessary escape character: \[                             no-useless-escape
   6581:47  warning  Unnecessary escape character: \^                             no-useless-escape
   6626:7   warning  'widgetsAutocomplete' is assigned a value but never used     no-unused-vars
   6648:7   warning  'widgetsControlgroup' is assigned a value but never used     no-unused-vars
   7239:7   warning  'widgetsCheckboxradio' is assigned a value but never used    no-unused-vars
   7686:7   warning  'widgetsButton' is assigned a value but never used           no-unused-vars
   7921:51  warning  Unnecessary escape character: \-                             no-useless-escape
   8620:23  warning  Empty block statement                                        no-empty
   9326:18  warning  Unexpected constant condition                                no-constant-condition
   9623:27  warning  Unnecessary escape character: \-                             no-useless-escape
  10293:40  warning  Unnecessary escape character: \-                             no-useless-escape
  10295:32  warning  Unnecessary escape character: \-                             no-useless-escape
  10435:35  warning  Unnecessary escape character: \-                             no-useless-escape
  10438:35  warning  Unnecessary escape character: \-                             no-useless-escape
  10603:7   warning  'widgetsDatepicker' is assigned a value but never used       no-unused-vars
  10606:7   warning  'ie' is assigned a value but never used                      no-unused-vars
  10627:7   warning  'widgetsMouse' is assigned a value but never used            no-unused-vars
  10835:7   warning  'plugin' is assigned a value but never used                  no-unused-vars
  10868:7   warning  'safeBlur' is assigned a value but never used                no-unused-vars
  12169:7   warning  'widgetsDraggable' is assigned a value but never used        no-unused-vars
  13428:7   warning  'widgetsResizable' is assigned a value but never used        no-unused-vars
  14383:7   warning  'widgetsDialog' is assigned a value but never used           no-unused-vars
  14902:7   warning  'widgetsDroppable' is assigned a value but never used        no-unused-vars
  14924:7   warning  'widgetsProgressbar' is assigned a value but never used      no-unused-vars
  15081:7   warning  'widgetsSelectable' is assigned a value but never used       no-unused-vars
  15399:7   warning  'widgetsSelectmenu' is assigned a value but never used       no-unused-vars
  16098:7   warning  'widgetsSlider' is assigned a value but never used           no-unused-vars
  16890:7   warning  'widgetsSortable' is assigned a value but never used         no-unused-vars
  17501:33  warning  Unnecessary escape character: \-                             no-useless-escape
  19078:15  warning  'Globalize' is not defined                                   no-undef
  19089:11  warning  'Globalize' is not defined                                   no-undef
  19209:7   warning  'widgetsSpinner' is assigned a value but never used          no-unused-vars
  19265:25  warning  Empty block statement                                        no-empty
  19268:25  warning  Empty block statement                                        no-empty
  19507:38  warning  Unnecessary escape character: \/                             no-useless-escape
  19507:47  warning  Unnecessary escape character: \[                             no-useless-escape
  19507:51  warning  Unnecessary escape character: \^                             no-useless-escape
  20132:7   warning  'widgetsTabs' is assigned a value but never used             no-unused-vars
  20643:7   warning  'widgetsTooltip' is assigned a value but never used          no-unused-vars

/home/runner/work/exp-multiple-mass-in-single-plane-nitk/exp-multiple-mass-in-single-plane-nitk/experiment/simulation/js/jquery-ui.min.js
  5:4185    warning  'jQuery' is not defined                                                    no-undef
  5:4352    warning  Empty block statement                                                      no-empty
  5:5584    warning  Do not access Object.prototype method 'hasOwnProperty' from target object  no-prototype-builtins
  5:10572   warning  'jQuery' is not defined                                                    no-undef
  5:10591   warning  't' is defined but never used                                              no-unused-vars
  5:13289   warning  'jQuery' is not defined                                                    no-undef
  5:13308   warning  't' is defined but never used                                              no-unused-vars
  5:31605   warning  'jQuery' is not defined                                                    no-undef
  5:31624   warning  't' is defined but never used                                              no-unused-vars
  5:37411   warning  'jQuery' is not defined                                                    no-undef
  5:37430   warning  't' is defined but never used                                              no-unused-vars
  5:54616   warning  'jQuery' is not defined                                                    no-undef
  5:54635   warning  't' is defined but never used                                              no-unused-vars
  5:58560   warning  'jQuery' is not defined                                                    no-undef
  5:58579   warning  't' is defined but never used                                              no-unused-vars
  5:66334   warning  Unnecessary escape character: \-                                           no-useless-escape
  5:82082   warning  'jQuery' is not defined                                                    no-undef
  5:82090   warning  'jQuery' is not defined                                                    no-undef
  5:82869   warning  Unnecessary escape character: \-                                           no-useless-escape
  5:83062   warning  Unnecessary escape character: \%                                           no-useless-escape
  5:83086   warning  Unnecessary escape character: \%                                           no-useless-escape
  5:83110   warning  Unnecessary escape character: \%                                           no-useless-escape
  5:83525   warning  Unnecessary escape character: \%                                           no-useless-escape
  5:83549   warning  Unnecessary escape character: \%                                           no-useless-escape
  5:87951   warning  Empty block statement                                                      no-empty
  5:88042   warning  Empty block statement                                                      no-empty
  5:88669   warning  'jQuery' is not defined                                                    no-undef
  5:89422   warning  'jQuery' is not defined                                                    no-undef
  5:94864   warning  'jQuery' is not defined                                                    no-undef
  5:94883   warning  't' is defined but never used                                              no-unused-vars
  5:103065  warning  'jQuery' is not defined                                                    no-undef
  5:103084  warning  't' is defined but never used                                              no-unused-vars
  5:110029  warning  Unnecessary escape character: \-                                           no-useless-escape
  5:110031  warning  Unnecessary escape character: \[                                           no-useless-escape
  5:110046  warning  Unnecessary escape character: \^                                           no-useless-escape
  5:110650  warning  'jQuery' is not defined                                                    no-undef
  5:110669  warning  't' is defined but never used                                              no-unused-vars
  5:117665  warning  'jQuery' is not defined                                                    no-undef
  5:121091  warning  Unnecessary escape character: \-                                           no-useless-escape
  5:130083  warning  Empty block statement                                                      no-empty
  5:138773  warning  Unexpected constant condition                                              no-constant-condition
  5:141573  warning  Empty block statement                                                      no-empty
  5:141704  warning  Unnecessary escape character: \-                                           no-useless-escape
  5:150026  warning  Unnecessary escape character: \-                                           no-useless-escape
  5:150075  warning  Unnecessary escape character: \-                                           no-useless-escape
  5:153722  warning  'jQuery' is not defined                                                    no-undef
  5:153741  warning  't' is defined but never used                                              no-unused-vars
  5:164151  warning  'jQuery' is not defined                                                    no-undef
  5:164170  warning  't' is defined but never used                                              no-unused-vars
  5:164972  warning  'jQuery' is not defined                                                    no-undef
  5:164991  warning  't' is defined but never used                                              no-unused-vars
  5:165895  warning  'jQuery' is not defined                                                    no-undef
  5:165914  warning  't' is defined but never used                                              no-unused-vars
  5:166493  warning  'jQuery' is not defined                                                    no-undef
  5:166512  warning  't' is defined but never used                                              no-unused-vars
  5:167170  warning  'jQuery' is not defined                                                    no-undef
  5:167189  warning  't' is defined but never used                                              no-unused-vars
  5:168022  warning  'jQuery' is not defined                                                    no-undef
  5:168041  warning  't' is defined but never used                                              no-unused-vars
  5:168217  warning  'jQuery' is not defined                                                    no-undef
  5:168236  warning  't' is defined but never used                                              no-unused-vars
  5:168927  warning  'jQuery' is not defined                                                    no-undef
  5:168946  warning  't' is defined but never used                                              no-unused-vars
  5:169386  warning  'jQuery' is not defined                                                    no-undef
  5:169405  warning  't' is defined but never used                                              no-unused-vars
  5:169858  warning  'jQuery' is not defined                                                    no-undef
  5:169877  warning  't' is defined but never used                                              no-unused-vars
  5:174076  warning  'jQuery' is not defined                                                    no-undef
  5:174095  warning  't' is defined but never used                                              no-unused-vars
  5:174855  warning  'jQuery' is not defined                                                    no-undef
  5:174874  warning  't' is defined but never used                                              no-unused-vars
  5:175495  warning  'jQuery' is not defined                                                    no-undef
  5:175514  warning  't' is defined but never used                                              no-unused-vars
  5:176024  warning  'jQuery' is not defined                                                    no-undef
  5:176043  warning  't' is defined but never used                                              no-unused-vars
  5:178662  warning  Unnecessary escape character: \-                                           no-useless-escape
  5:178664  warning  Unnecessary escape character: \[                                           no-useless-escape
  5:178679  warning  Unnecessary escape character: \^                                           no-useless-escape
  5:185292  warning  'jQuery' is not defined                                                    no-undef
  5:185911  warning  Unnecessary escape character: \+                                           no-useless-escape
  5:185913  warning  Unnecessary escape character: \-                                           no-useless-escape
  5:191464  warning  'jQuery' is not defined                                                    no-undef
  5:193505  warning  'jQuery' is not defined                                                    no-undef
  5:193524  warning  't' is defined but never used                                              no-unused-vars
  5:203278  warning  'jQuery' is not defined                                                    no-undef
  5:208678  warning  'Globalize' is not defined                                                 no-undef
  5:208836  warning  'Globalize' is not defined                                                 no-undef
  5:210008  warning  'jQuery' is not defined                                                    no-undef
  5:213705  warning  Unnecessary escape character: \/                                           no-useless-escape
  5:213714  warning  Unnecessary escape character: \[                                           no-useless-escape
  5:213718  warning  Unnecessary escape character: \^                                           no-useless-escape
  5:216157  warning  Expected a conditional expression and instead saw an assignment            no-cond-assign
  5:221543  warning  'jQuery' is not defined                                                    no-undef
  5:226205  warning  'jQuery' is not defined                                                    no-undef

/home/runner/work/exp-multiple-mass-in-single-plane-nitk/exp-multiple-mass-in-single-plane-nitk/experiment/simulation/js/jquery.min.js
  1:1519   warning  Empty block statement                                                      no-empty
  1:6093   warning  Expected a conditional expression and instead saw an assignment            no-cond-assign
  1:7141   warning  Expected a conditional expression and instead saw an assignment            no-cond-assign
  1:7562   warning  Empty block statement                                                      no-empty
  1:7638   warning  Empty block statement                                                      no-empty
  1:8651   warning  Expected a conditional expression and instead saw an assignment            no-cond-assign
  1:10008  warning  Expected a conditional expression and instead saw an assignment            no-cond-assign
  1:11116  warning  Unnecessary escape character: \/                                           no-useless-escape
  1:15261  warning  'ActiveXObject' is not defined                                             no-undef
  1:17795  warning  Empty block statement                                                      no-empty
  1:27398  warning  Empty block statement                                                      no-empty
  1:27718  warning  Expected a conditional expression and instead saw an assignment            no-cond-assign
  1:28140  warning  Expected a conditional expression and instead saw an assignment            no-cond-assign
  1:28499  warning  Expected a conditional expression and instead saw an assignment            no-cond-assign
  1:30610  warning  Expected a conditional expression and instead saw an assignment            no-cond-assign
  2:4821   warning  Empty block statement                                                      no-empty
  2:7463   warning  Empty block statement                                                      no-empty
  2:13288  warning  Expected a conditional expression and instead saw an assignment            no-cond-assign
  2:13304  warning  Expected a conditional expression and instead saw an assignment            no-cond-assign
  2:13793  warning  Expected a conditional expression and instead saw an assignment            no-cond-assign
  2:14025  warning  Empty block statement                                                      no-empty
  2:15171  warning  Expected a conditional expression and instead saw an assignment            no-cond-assign
  2:15264  warning  Expected a conditional expression and instead saw an assignment            no-cond-assign
  2:15324  warning  Expected a conditional expression and instead saw an assignment            no-cond-assign
  2:16527  warning  Expected a conditional expression and instead saw an assignment            no-cond-assign
  2:17050  warning  Expected a conditional expression and instead saw an assignment            no-cond-assign
  2:17164  warning  Expected a conditional expression and instead saw an assignment            no-cond-assign
  2:19349  warning  Unnecessary escape character: \=                                           no-useless-escape
  2:19648  warning  Expected a conditional expression and instead saw an assignment            no-cond-assign
  2:21727  warning  Expected a conditional expression and instead saw an assignment            no-cond-assign
  2:23092  warning  Expected a conditional expression and instead saw an assignment            no-cond-assign
  2:23207  warning  Expected a conditional expression and instead saw an assignment            no-cond-assign
  2:23666  warning  Expected a conditional expression and instead saw an assignment            no-cond-assign
  2:23703  warning  Expected a conditional expression and instead saw an assignment            no-cond-assign
  2:24141  warning  Empty block statement                                                      no-empty
  2:24334  warning  Expected a conditional expression and instead saw an assignment            no-cond-assign
  2:24646  warning  Expected a conditional expression and instead saw an assignment            no-cond-assign
  2:24953  warning  Expected a conditional expression and instead saw an assignment            no-cond-assign
  2:26696  warning  Expected a conditional expression and instead saw an assignment            no-cond-assign
  2:26933  warning  Expected a conditional expression and instead saw an assignment            no-cond-assign
  2:27417  warning  Do not access Object.prototype method 'hasOwnProperty' from target object  no-prototype-builtins
  2:28090  warning  Expected a conditional expression and instead saw an assignment            no-cond-assign
  2:30228  warning  Unnecessary escape character: \[                                           no-useless-escape
  2:30230  warning  Unnecessary escape character: \.                                           no-useless-escape
  3:4704   warning  Empty block statement                                                      no-empty
  3:7719   warning  Expected a conditional expression and instead saw an assignment            no-cond-assign
  3:7844   warning  Expected a conditional expression and instead saw an assignment            no-cond-assign
  3:9957   warning  Empty block statement                                                      no-empty
  3:13978  warning  Unnecessary escape character: \/                                           no-useless-escape
  3:16544  warning  Expected a conditional expression and instead saw an assignment            no-cond-assign
  3:18435  warning  Expected a conditional expression and instead saw an assignment            no-cond-assign
  3:21176  warning  Empty block statement                                                      no-empty
  3:28773  warning  'define' is not defined                                                    no-undef
  3:28785  warning  'define' is not defined                                                    no-undef
  3:28804  warning  'define' is not defined                                                    no-undef

/home/runner/work/exp-multiple-mass-in-single-plane-nitk/exp-multiple-mass-in-single-plane-nitk/experiment/simulation/js/jquery.ui.touch-punch.js
  174:4  warning  'jQuery' is not defined  no-undef

/home/runner/work/exp-multiple-mass-in-single-plane-nitk/exp-multiple-mass-in-single-plane-nitk/experiment/simulation/js/jquery.ui.touch-punch.min.js
  81:4  warning  'jQuery' is not defined  no-undef

/home/runner/work/exp-multiple-mass-in-single-plane-nitk/exp-multiple-mass-in-single-plane-nitk/experiment/simulation/js/newscript.js
    5:5   warning  'commenttext' is assigned a value but never used      no-unused-vars
    6:5   warning  'commentloc' is assigned a value but never used       no-unused-vars
    9:17  warning  'point' is not defined                                no-undef
   10:13  warning  'point' is not defined                                no-undef
   11:13  warning  'point' is not defined                                no-undef
   12:13  warning  'point' is not defined                                no-undef
   13:13  warning  'point' is not defined                                no-undef
   14:14  warning  'point' is not defined                                no-undef
   15:14  warning  'point' is not defined                                no-undef
   16:18  warning  'point' is not defined                                no-undef
   17:13  warning  'point' is not defined                                no-undef
   18:13  warning  'point' is not defined                                no-undef
   19:13  warning  'point' is not defined                                no-undef
   20:13  warning  'point' is not defined                                no-undef
   21:13  warning  'point' is not defined                                no-undef
   22:5   warning  'a1' is already defined                               no-redeclare
   22:14  warning  'point' is not defined                                no-undef
   23:5   warning  'b1' is already defined                               no-redeclare
   23:14  warning  'point' is not defined                                no-undef
   24:14  warning  'point' is not defined                                no-undef
   28:5   warning  'l1' is assigned a value but never used               no-unused-vars
   29:5   warning  'la' is assigned a value but never used               no-unused-vars
   42:5   warning  'flaggrashof' is assigned a value but never used      no-unused-vars
   50:5   warning  'time' is assigned a value but never used             no-unused-vars
   55:1   warning  'ptxdot' is not defined                               no-undef
   56:1   warning  'ptxddot' is not defined                              no-undef
   57:1   warning  'ptxdddot' is not defined                             no-undef
   61:5   warning  'quickrefCS' is assigned a value but never used       no-unused-vars
   62:5   warning  'temp' is assigned a value but never used             no-unused-vars
   63:5   warning  'offset' is already defined                           no-redeclare
   63:5   warning  'offset' is assigned a value but never used           no-unused-vars
   64:5   warning  'acc' is defined but never used                       no-unused-vars
   64:10  warning  'vel' is defined but never used                       no-unused-vars
   64:15  warning  'jerk' is defined but never used                      no-unused-vars
   65:5   warning  'j' is assigned a value but never used                no-unused-vars
   66:5   warning  'tempPt' is assigned a value but never used           no-unused-vars
   66:18  warning  'point' is not defined                                no-undef
   67:5   warning  'truncate' is assigned a value but never used         no-unused-vars
   68:5   warning  'forvar' is assigned a value but never used           no-unused-vars
   70:5   warning  'canvas' is already defined                           no-redeclare
   71:5   warning  'ctx' is already defined                              no-redeclare
   73:10  warning  'editcss' is defined but never used                   no-unused-vars
   74:3   warning  '$' is not defined                                    no-undef
   75:3   warning  '$' is not defined                                    no-undef
   76:3   warning  '$' is not defined                                    no-undef
   77:3   warning  '$' is not defined                                    no-undef
   78:3   warning  '$' is not defined                                    no-undef
   81:10  warning  'startsim' is defined but never used                  no-unused-vars
   85:10  warning  'simstate' is defined but never used                  no-unused-vars
   95:5   warning  '$' is not defined                                    no-undef
  110:10  warning  'rotstate' is defined but never used                  no-unused-vars
  127:10  warning  'tabchangeb' is defined but never used                no-unused-vars
  131:10  warning  'tabchangef' is defined but never used                no-unused-vars
  149:10  warning  'varinit' is defined but never used                   no-unused-vars
  152:3   warning  '$' is not defined                                    no-undef
  153:3   warning  '$' is not defined                                    no-undef
  156:3   warning  '$' is not defined                                    no-undef
  157:3   warning  '$' is not defined                                    no-undef
  160:3   warning  '$' is not defined                                    no-undef
  161:3   warning  '$' is not defined                                    no-undef
  164:3   warning  '$' is not defined                                    no-undef
  165:3   warning  '$' is not defined                                    no-undef
  168:3   warning  '$' is not defined                                    no-undef
  169:3   warning  '$' is not defined                                    no-undef
  172:3   warning  '$' is not defined                                    no-undef
  173:3   warning  '$' is not defined                                    no-undef
  178:3   warning  '$' is not defined                                    no-undef
  179:3   warning  '$' is not defined                                    no-undef
  181:3   warning  '$' is not defined                                    no-undef
  182:5   warning  '$' is not defined                                    no-undef
  186:3   warning  '$' is not defined                                    no-undef
  187:5   warning  '$' is not defined                                    no-undef
  191:3   warning  '$' is not defined                                    no-undef
  196:3   warning  '$' is not defined                                    no-undef
  197:3   warning  '$' is not defined                                    no-undef
  199:3   warning  '$' is not defined                                    no-undef
  200:5   warning  '$' is not defined                                    no-undef
  204:3   warning  '$' is not defined                                    no-undef
  205:5   warning  '$' is not defined                                    no-undef
  209:3   warning  '$' is not defined                                    no-undef
  214:3   warning  '$' is not defined                                    no-undef
  215:3   warning  '$' is not defined                                    no-undef
  217:3   warning  '$' is not defined                                    no-undef
  218:5   warning  '$' is not defined                                    no-undef
  222:3   warning  '$' is not defined                                    no-undef
  223:5   warning  '$' is not defined                                    no-undef
  227:3   warning  '$' is not defined                                    no-undef
  232:3   warning  '$' is not defined                                    no-undef
  233:3   warning  '$' is not defined                                    no-undef
  235:3   warning  '$' is not defined                                    no-undef
  236:5   warning  '$' is not defined                                    no-undef
  240:3   warning  '$' is not defined                                    no-undef
  241:5   warning  '$' is not defined                                    no-undef
  245:3   warning  '$' is not defined                                    no-undef
  250:3   warning  '$' is not defined                                    no-undef
  251:3   warning  '$' is not defined                                    no-undef
  253:3   warning  '$' is not defined                                    no-undef
  254:5   warning  '$' is not defined                                    no-undef
  258:3   warning  '$' is not defined                                    no-undef
  259:5   warning  '$' is not defined                                    no-undef
  263:3   warning  '$' is not defined                                    no-undef
  268:3   warning  '$' is not defined                                    no-undef
  269:3   warning  '$' is not defined                                    no-undef
  271:3   warning  '$' is not defined                                    no-undef
  272:5   warning  '$' is not defined                                    no-undef
  276:3   warning  '$' is not defined                                    no-undef
  277:5   warning  '$' is not defined                                    no-undef
  281:3   warning  '$' is not defined                                    no-undef
  286:3   warning  '$' is not defined                                    no-undef
  287:3   warning  '$' is not defined                                    no-undef
  289:3   warning  '$' is not defined                                    no-undef
  290:5   warning  '$' is not defined                                    no-undef
  294:3   warning  '$' is not defined                                    no-undef
  295:5   warning  '$' is not defined                                    no-undef
  299:3   warning  '$' is not defined                                    no-undef
  304:3   warning  '$' is not defined                                    no-undef
  305:3   warning  '$' is not defined                                    no-undef
  307:3   warning  '$' is not defined                                    no-undef
  308:5   warning  '$' is not defined                                    no-undef
  312:3   warning  '$' is not defined                                    no-undef
  313:5   warning  '$' is not defined                                    no-undef
  317:3   warning  '$' is not defined                                    no-undef
  322:10  warning  'varupdate' is defined but never used                 no-unused-vars
  323:8   warning  '$' is not defined                                    no-undef
  324:8   warning  '$' is not defined                                    no-undef
  325:3   warning  'theta1' is not defined                               no-undef
  325:12  warning  '$' is not defined                                    no-undef
  328:7   warning  'jj' is not defined                                   no-undef
  332:7   warning  'ptxdot' is not defined                               no-undef
  333:7   warning  'ptxddot' is not defined                              no-undef
  334:7   warning  'ptxdddot' is not defined                             no-undef
  337:7   warning  'ptxdot' is not defined                               no-undef
  338:7   warning  'ptxddot' is not defined                              no-undef
  340:7   warning  'omega2' is not defined                               no-undef
  341:27  warning  'rad' is not defined                                  no-undef
  341:31  warning  'beta' is not defined                                 no-undef
  343:29  warning  'rad' is not defined                                  no-undef
  343:33  warning  'beta' is not defined                                 no-undef
  343:64  warning  'rad' is not defined                                  no-undef
  344:7   warning  'ptxdddot' is not defined                             no-undef
  344:33  warning  'omega2' is not defined                               no-undef
  350:5   warning  '$' is not defined                                    no-undef
  351:5   warning  '$' is not defined                                    no-undef
  352:5   warning  '$' is not defined                                    no-undef
  353:5   warning  '$' is not defined                                    no-undef
  354:5   warning  '$' is not defined                                    no-undef
  355:5   warning  '$' is not defined                                    no-undef
  356:5   warning  '$' is not defined                                    no-undef
  357:5   warning  '$' is not defined                                    no-undef
  358:5   warning  '$' is not defined                                    no-undef
  361:5   warning  '$' is not defined                                    no-undef
  362:5   warning  '$' is not defined                                    no-undef
  363:5   warning  '$' is not defined                                    no-undef
  364:5   warning  '$' is not defined                                    no-undef
  365:5   warning  '$' is not defined                                    no-undef
  366:5   warning  '$' is not defined                                    no-undef
  367:5   warning  '$' is not defined                                    no-undef
  368:5   warning  '$' is not defined                                    no-undef
  369:5   warning  '$' is not defined                                    no-undef
  372:5   warning  '$' is not defined                                    no-undef
  373:5   warning  '$' is not defined                                    no-undef
  374:5   warning  '$' is not defined                                    no-undef
  375:5   warning  '$' is not defined                                    no-undef
  376:5   warning  '$' is not defined                                    no-undef
  377:5   warning  '$' is not defined                                    no-undef
  378:5   warning  '$' is not defined                                    no-undef
  379:5   warning  '$' is not defined                                    no-undef
  380:5   warning  '$' is not defined                                    no-undef
  386:5   warning  '$' is not defined                                    no-undef
  387:5   warning  '$' is not defined                                    no-undef
  388:5   warning  '$' is not defined                                    no-undef
  389:5   warning  '$' is not defined                                    no-undef
  390:13  warning  '$' is not defined                                    no-undef
  393:3   warning  '$' is not defined                                    no-undef
  394:3   warning  '$' is not defined                                    no-undef
  395:8   warning  '$' is not defined                                    no-undef
  396:8   warning  '$' is not defined                                    no-undef
  397:37  warning  'deg' is not defined                                  no-undef
  401:3   warning  '$' is not defined                                    no-undef
  402:3   warning  '$' is not defined                                    no-undef
  403:7   warning  '$' is not defined                                    no-undef
  404:7   warning  '$' is not defined                                    no-undef
  405:8   warning  '$' is not defined                                    no-undef
  407:28  warning  'rad' is not defined                                  no-undef
  407:57  warning  'rad' is not defined                                  no-undef
  407:61  warning  'theta1' is not defined                               no-undef
  408:28  warning  'rad' is not defined                                  no-undef
  408:57  warning  'rad' is not defined                                  no-undef
  408:61  warning  'theta1' is not defined                               no-undef
  411:3   warning  'thetab' is not defined                               no-undef
  411:18  warning  'deg' is not defined                                  no-undef
  415:32  warning  'rad' is not defined                                  no-undef
  416:32  warning  'rad' is not defined                                  no-undef
  417:32  warning  'rad' is not defined                                  no-undef
  417:44  warning  'theta1' is not defined                               no-undef
  418:32  warning  'rad' is not defined                                  no-undef
  418:44  warning  'theta1' is not defined                               no-undef
  419:31  warning  'rad' is not defined                                  no-undef
  420:31  warning  'rad' is not defined                                  no-undef
  433:33  warning  'rad' is not defined                                  no-undef
  435:33  warning  'rad' is not defined                                  no-undef
  435:45  warning  'theta1' is not defined                               no-undef
  437:32  warning  'rad' is not defined                                  no-undef
  446:19  warning  'thetab' is not defined                               no-undef
  446:36  warning  'thetab' is not defined                               no-undef
  463:9   warning  'roundd' is not defined                               no-undef
  465:9   warning  'roundd' is not defined                               no-undef
  465:16  warning  'thetab' is not defined                               no-undef
  478:3   warning  'pointtrans' is not defined                           no-undef
  479:3   warning  'pointtrans' is not defined                           no-undef
  480:3   warning  'pointtrans' is not defined                           no-undef
  482:3   warning  'pointtrans' is not defined                           no-undef
  483:3   warning  'pointtrans' is not defined                           no-undef
  484:3   warning  'pointtrans' is not defined                           no-undef
  485:3   warning  'pointtrans' is not defined                           no-undef
  486:3   warning  'pointtrans' is not defined                           no-undef
  487:3   warning  'pointtrans' is not defined                           no-undef
  488:3   warning  'pointtrans' is not defined                           no-undef
  489:3   warning  'pointtrans' is not defined                           no-undef
  491:16  warning  'point' is not defined                                no-undef
  494:3   warning  'drawrect' is not defined                             no-undef
  496:16  warning  'point' is not defined                                no-undef
  499:3   warning  'drawrect' is not defined                             no-undef
  501:16  warning  'point' is not defined                                no-undef
  504:3   warning  'drawrect' is not defined                             no-undef
  524:5   warning  'pointtrans' is not defined                           no-undef
  525:5   warning  'pointjoin' is not defined                            no-undef
  526:5   warning  'pointdisp' is not defined                            no-undef
  527:5   warning  'pointjoin' is not defined                            no-undef
  528:5   warning  'pointdisp' is not defined                            no-undef
  532:3   warning  'pointjoin' is not defined                            no-undef
  533:3   warning  'pointjoin' is not defined                            no-undef
  538:3   warning  'pointdisp' is not defined                            no-undef
  539:3   warning  'pointdisp' is not defined                            no-undef
  540:3   warning  'pointdisp' is not defined                            no-undef
  542:3   warning  'pointjoin' is not defined                            no-undef
  543:3   warning  'pointjoin' is not defined                            no-undef
  544:3   warning  'pointjoin' is not defined                            no-undef
  546:3   warning  'pointdisp' is not defined                            no-undef
  547:3   warning  'pointdisp' is not defined                            no-undef
  550:18  warning  'context' is defined but never used                   no-unused-vars
  551:7   warning  'theta1' is not defined                               no-undef
  555:7   warning  'PI2' is assigned a value but never used              no-unused-vars
  609:7   warning  'rectStrokeStyle' is assigned a value but never used  no-unused-vars
  612:5   warning  'drawAngleSymbol' is not defined                      no-undef
  624:12  warning  'i' is already defined                                no-redeclare
  625:5   warning  'drawAngleSymbol' is not defined                      no-undef
  637:12  warning  'i' is already defined                                no-redeclare
  638:5   warning  'drawAngleSymbol' is not defined                      no-undef
  651:14  warning  'i' is already defined                                no-redeclare
  652:7   warning  'drawAngleSymbol' is not defined                      no-undef
  695:10  warning  'isNumberKey' is defined but never used               no-unused-vars
  701:3   warning  Unreachable code                                      no-unreachable

 555 problems (1 error, 554 warnings)

